C:\USERS\PORTAL_F\DESKTOP\PROJETS\R-TYPE\R-TYPE\BYDORANDOM\DEBUG\ABULLET.OBJ
C:\USERS\PORTAL_F\DESKTOP\PROJETS\R-TYPE\R-TYPE\BYDORANDOM\DEBUG\AENTITY.OBJ
C:\USERS\PORTAL_F\DESKTOP\PROJETS\R-TYPE\R-TYPE\BYDORANDOM\DEBUG\AMOB.OBJ
C:\USERS\PORTAL_F\DESKTOP\PROJETS\R-TYPE\R-TYPE\BYDORANDOM\DEBUG\BULLETINFOS.OBJ
C:\USERS\PORTAL_F\DESKTOP\PROJETS\R-TYPE\R-TYPE\BYDORANDOM\DEBUG\BYDORANDOM.DLL.EMBED.MANIFEST
C:\USERS\PORTAL_F\DESKTOP\PROJETS\R-TYPE\R-TYPE\BYDORANDOM\DEBUG\BYDORANDOM.DLL.EMBED.MANIFEST.RES
C:\USERS\PORTAL_F\DESKTOP\PROJETS\R-TYPE\R-TYPE\BYDORANDOM\DEBUG\BYDORANDOM.DLL.INTERMEDIATE.MANIFEST
C:\USERS\PORTAL_F\DESKTOP\PROJETS\R-TYPE\R-TYPE\BYDORANDOM\DEBUG\BYDORANDOM.OBJ
C:\Users\portal_f\Desktop\Projets\R-Type\R-Type\BydoRandom\Debug\BydoRandom.write.1.tlog
C:\Users\portal_f\Desktop\Projets\R-Type\R-Type\BydoRandom\Debug\BydoRandom_manifest.rc
C:\Users\portal_f\Desktop\Projets\R-Type\R-Type\BydoRandom\Debug\cl.command.1.tlog
C:\Users\portal_f\Desktop\Projets\R-Type\R-Type\BydoRandom\Debug\CL.read.1.tlog
C:\Users\portal_f\Desktop\Projets\R-Type\R-Type\BydoRandom\Debug\CL.write.1.tlog
C:\Users\portal_f\Desktop\Projets\R-Type\R-Type\BydoRandom\Debug\link.1596.read.1.tlog
C:\Users\portal_f\Desktop\Projets\R-Type\R-Type\BydoRandom\Debug\link.1596.write.1.tlog
C:\Users\portal_f\Desktop\Projets\R-Type\R-Type\BydoRandom\Debug\link.1596-cvtres.read.1.tlog
C:\Users\portal_f\Desktop\Projets\R-Type\R-Type\BydoRandom\Debug\link.1596-cvtres.write.1.tlog
C:\Users\portal_f\Desktop\Projets\R-Type\R-Type\BydoRandom\Debug\link.command.1.tlog
C:\Users\portal_f\Desktop\Projets\R-Type\R-Type\BydoRandom\Debug\link.read.1.tlog
C:\Users\portal_f\Desktop\Projets\R-Type\R-Type\BydoRandom\Debug\link.write.1.tlog
C:\Users\portal_f\Desktop\Projets\R-Type\R-Type\BydoRandom\Debug\link-cvtres.read.1.tlog
C:\Users\portal_f\Desktop\Projets\R-Type\R-Type\BydoRandom\Debug\link-cvtres.write.1.tlog
C:\Users\portal_f\Desktop\Projets\R-Type\R-Type\BydoRandom\Debug\mt.command.1.tlog
C:\Users\portal_f\Desktop\Projets\R-Type\R-Type\BydoRandom\Debug\mt.read.1.tlog
C:\Users\portal_f\Desktop\Projets\R-Type\R-Type\BydoRandom\Debug\mt.write.1.tlog
C:\USERS\PORTAL_F\DESKTOP\PROJETS\R-TYPE\R-TYPE\BYDORANDOM\DEBUG\PLAYER.OBJ
C:\Users\portal_f\Desktop\Projets\R-Type\R-Type\BydoRandom\Debug\rc.command.1.tlog
C:\Users\portal_f\Desktop\Projets\R-Type\R-Type\BydoRandom\Debug\rc.read.1.tlog
C:\Users\portal_f\Desktop\Projets\R-Type\R-Type\BydoRandom\Debug\rc.write.1.tlog
C:\USERS\PORTAL_F\DESKTOP\PROJETS\R-TYPE\R-TYPE\BYDORANDOM\DEBUG\TILE.OBJ
C:\Users\portal_f\Desktop\Projets\R-Type\R-Type\BydoRandom\Debug\vc100.idb
C:\USERS\PORTAL_F\DESKTOP\PROJETS\R-TYPE\R-TYPE\BYDORANDOM\DEBUG\VC100.PDB
C:\USERS\PORTAL_F\DESKTOP\PROJETS\R-TYPE\R-TYPE\BYDORANDOM\DEBUG\WINRANDOM.OBJ
C:\USERS\PORTAL_F\DESKTOP\PROJETS\R-TYPE\R-TYPE\DEBUG\BYDORANDOM.DLL
C:\Users\portal_f\Desktop\Projets\R-Type\R-Type\Debug\BydoRandom.exp
C:\USERS\PORTAL_F\DESKTOP\PROJETS\R-TYPE\R-TYPE\DEBUG\BYDORANDOM.ILK
C:\Users\portal_f\Desktop\Projets\R-Type\R-Type\Debug\BydoRandom.lib
C:\USERS\PORTAL_F\DESKTOP\PROJETS\R-TYPE\R-TYPE\DEBUG\BYDORANDOM.PDB
