Build started 20/01/2013 22:15:24.
     1>Project "C:\Users\portal_f\Desktop\Projets\R-Type\R-Type\BydoStd\BydoStd.vcxproj" on node 5 (rebuild target(s)).
     1>_PrepareForClean:
         Deleting file "Debug\BydoStd.lastbuildstate".
       InitializeBuildStatus:
         Creating "Debug\BydoStd.unsuccessfulbuild" because "AlwaysCreate" was specified.
       ClCompile:
         c:\Program Files (x86)\Microsoft Visual Studio 10.0\VC\bin\CL.exe /c /I../Server /ZI /nologo /W3 /WX- /Od /Oy- /D WIN32 /D _DEBUG /D _CONSOLE /D _WINDLL /D _UNICODE /D UNICODE /Gm /EHsc /RTC1 /MDd /GS /fp:precise /Zc:wchar_t /Zc:forScope /Fo"Debug\\" /Fd"Debug\vc100.pdb" /Gd /TP /analyze- /errorReport:prompt ..\Mobs\BydoStd.cpp ..\Server\ABullet.cpp ..\Server\AEntity.cpp ..\Server\AMob.cpp ..\Server\BulletInfos.cpp ..\Server\Player.cpp ..\Server\Tile.cpp ..\Server\WinRandom.cpp
         WinRandom.cpp
         Tile.cpp
         Player.cpp
         BulletInfos.cpp
         AMob.cpp
         AEntity.cpp
         ABullet.cpp
         BydoStd.cpp
         Generating Code...
       ManifestResourceCompile:
         C:\Program Files (x86)\Microsoft SDKs\Windows\v7.0A\bin\rc.exe /nologo /fo"Debug\BydoStd.dll.embed.manifest.res" Debug\BydoStd_manifest.rc 
       Link:
         c:\Program Files (x86)\Microsoft Visual Studio 10.0\VC\bin\link.exe /ERRORREPORT:PROMPT /OUT:"C:\Users\portal_f\Desktop\Projets\R-Type\R-Type\Debug\BydoStd.dll" /INCREMENTAL /NOLOGO kernel32.lib user32.lib gdi32.lib winspool.lib comdlg32.lib advapi32.lib shell32.lib ole32.lib oleaut32.lib uuid.lib odbc32.lib odbccp32.lib /MANIFEST /ManifestFile:"Debug\BydoStd.dll.intermediate.manifest" /MANIFESTUAC:"level='asInvoker' uiAccess='false'" /DEBUG /PDB:"C:\Users\portal_f\Desktop\Projets\R-Type\R-Type\Debug\BydoStd.pdb" /SUBSYSTEM:CONSOLE /TLBID:1 /DYNAMICBASE /NXCOMPAT /IMPLIB:"C:\Users\portal_f\Desktop\Projets\R-Type\R-Type\Debug\BydoStd.lib" /MACHINE:X86 /DLL Debug\BydoStd.dll.embed.manifest.res
         Debug\BydoStd.obj
         Debug\ABullet.obj
         Debug\AEntity.obj
         Debug\AMob.obj
         Debug\BulletInfos.obj
         Debug\Player.obj
         Debug\Tile.obj
         Debug\WinRandom.obj
            Creating library C:\Users\portal_f\Desktop\Projets\R-Type\R-Type\Debug\BydoStd.lib and object C:\Users\portal_f\Desktop\Projets\R-Type\R-Type\Debug\BydoStd.exp
       Manifest:
         Deleting file "Debug\BydoStd.dll.embed.manifest".
         C:\Program Files (x86)\Microsoft SDKs\Windows\v7.0A\bin\mt.exe /nologo /verbose /out:"Debug\BydoStd.dll.embed.manifest" /manifest Debug\BydoStd.dll.intermediate.manifest
         C:\Program Files (x86)\Microsoft SDKs\Windows\v7.0A\bin\rc.exe /nologo /fo"Debug\BydoStd.dll.embed.manifest.res" Debug\BydoStd_manifest.rc 
       LinkEmbedManifest:
         c:\Program Files (x86)\Microsoft Visual Studio 10.0\VC\bin\link.exe /ERRORREPORT:PROMPT /OUT:"C:\Users\portal_f\Desktop\Projets\R-Type\R-Type\Debug\BydoStd.dll" /INCREMENTAL /NOLOGO kernel32.lib user32.lib gdi32.lib winspool.lib comdlg32.lib advapi32.lib shell32.lib ole32.lib oleaut32.lib uuid.lib odbc32.lib odbccp32.lib /MANIFEST /ManifestFile:"Debug\BydoStd.dll.intermediate.manifest" /MANIFESTUAC:"level='asInvoker' uiAccess='false'" /DEBUG /PDB:"C:\Users\portal_f\Desktop\Projets\R-Type\R-Type\Debug\BydoStd.pdb" /SUBSYSTEM:CONSOLE /TLBID:1 /DYNAMICBASE /NXCOMPAT /IMPLIB:"C:\Users\portal_f\Desktop\Projets\R-Type\R-Type\Debug\BydoStd.lib" /MACHINE:X86 /DLL Debug\BydoStd.dll.embed.manifest.res
         Debug\BydoStd.obj
         Debug\ABullet.obj
         Debug\AEntity.obj
         Debug\AMob.obj
         Debug\BulletInfos.obj
         Debug\Player.obj
         Debug\Tile.obj
         Debug\WinRandom.obj
            Creating library C:\Users\portal_f\Desktop\Projets\R-Type\R-Type\Debug\BydoStd.lib and object C:\Users\portal_f\Desktop\Projets\R-Type\R-Type\Debug\BydoStd.exp
         BydoStd.vcxproj -> C:\Users\portal_f\Desktop\Projets\R-Type\R-Type\Debug\BydoStd.dll
       FinalizeBuildStatus:
         Deleting file "Debug\BydoStd.unsuccessfulbuild".
         Touching "Debug\BydoStd.lastbuildstate".
     1>Done Building Project "C:\Users\portal_f\Desktop\Projets\R-Type\R-Type\BydoStd\BydoStd.vcxproj" (rebuild target(s)).

Build succeeded.

Time Elapsed 00:00:07.25
