C:\USERS\PORTAL_F\DESKTOP\PROJETS\R-TYPE\R-TYPE\BYDOSTD\DEBUG\ABULLET.OBJ
C:\USERS\PORTAL_F\DESKTOP\PROJETS\R-TYPE\R-TYPE\BYDOSTD\DEBUG\AENTITY.OBJ
C:\USERS\PORTAL_F\DESKTOP\PROJETS\R-TYPE\R-TYPE\BYDOSTD\DEBUG\AMOB.OBJ
C:\USERS\PORTAL_F\DESKTOP\PROJETS\R-TYPE\R-TYPE\BYDOSTD\DEBUG\BULLETINFOS.OBJ
C:\USERS\PORTAL_F\DESKTOP\PROJETS\R-TYPE\R-TYPE\BYDOSTD\DEBUG\BYDOSTD.DLL.EMBED.MANIFEST
C:\USERS\PORTAL_F\DESKTOP\PROJETS\R-TYPE\R-TYPE\BYDOSTD\DEBUG\BYDOSTD.DLL.EMBED.MANIFEST.RES
C:\USERS\PORTAL_F\DESKTOP\PROJETS\R-TYPE\R-TYPE\BYDOSTD\DEBUG\BYDOSTD.DLL.INTERMEDIATE.MANIFEST
C:\USERS\PORTAL_F\DESKTOP\PROJETS\R-TYPE\R-TYPE\BYDOSTD\DEBUG\BYDOSTD.OBJ
C:\Users\portal_f\Desktop\Projets\R-Type\R-Type\BydoStd\Debug\BydoStd.write.1.tlog
C:\Users\portal_f\Desktop\Projets\R-Type\R-Type\BydoStd\Debug\BydoStd_manifest.rc
C:\Users\portal_f\Desktop\Projets\R-Type\R-Type\BydoStd\Debug\cl.command.1.tlog
C:\Users\portal_f\Desktop\Projets\R-Type\R-Type\BydoStd\Debug\CL.read.1.tlog
C:\Users\portal_f\Desktop\Projets\R-Type\R-Type\BydoStd\Debug\CL.write.1.tlog
C:\Users\portal_f\Desktop\Projets\R-Type\R-Type\BydoStd\Debug\link.3184.read.1.tlog
C:\Users\portal_f\Desktop\Projets\R-Type\R-Type\BydoStd\Debug\link.3184.write.1.tlog
C:\Users\portal_f\Desktop\Projets\R-Type\R-Type\BydoStd\Debug\link.3184-cvtres.read.1.tlog
C:\Users\portal_f\Desktop\Projets\R-Type\R-Type\BydoStd\Debug\link.3184-cvtres.write.1.tlog
C:\Users\portal_f\Desktop\Projets\R-Type\R-Type\BydoStd\Debug\link.command.1.tlog
C:\Users\portal_f\Desktop\Projets\R-Type\R-Type\BydoStd\Debug\link.read.1.tlog
C:\Users\portal_f\Desktop\Projets\R-Type\R-Type\BydoStd\Debug\link.write.1.tlog
C:\Users\portal_f\Desktop\Projets\R-Type\R-Type\BydoStd\Debug\link-cvtres.read.1.tlog
C:\Users\portal_f\Desktop\Projets\R-Type\R-Type\BydoStd\Debug\link-cvtres.write.1.tlog
C:\Users\portal_f\Desktop\Projets\R-Type\R-Type\BydoStd\Debug\mt.command.1.tlog
C:\Users\portal_f\Desktop\Projets\R-Type\R-Type\BydoStd\Debug\mt.read.1.tlog
C:\Users\portal_f\Desktop\Projets\R-Type\R-Type\BydoStd\Debug\mt.write.1.tlog
C:\USERS\PORTAL_F\DESKTOP\PROJETS\R-TYPE\R-TYPE\BYDOSTD\DEBUG\PLAYER.OBJ
C:\Users\portal_f\Desktop\Projets\R-Type\R-Type\BydoStd\Debug\rc.command.1.tlog
C:\Users\portal_f\Desktop\Projets\R-Type\R-Type\BydoStd\Debug\rc.read.1.tlog
C:\Users\portal_f\Desktop\Projets\R-Type\R-Type\BydoStd\Debug\rc.write.1.tlog
C:\USERS\PORTAL_F\DESKTOP\PROJETS\R-TYPE\R-TYPE\BYDOSTD\DEBUG\TILE.OBJ
C:\Users\portal_f\Desktop\Projets\R-Type\R-Type\BydoStd\Debug\vc100.idb
C:\USERS\PORTAL_F\DESKTOP\PROJETS\R-TYPE\R-TYPE\BYDOSTD\DEBUG\VC100.PDB
C:\USERS\PORTAL_F\DESKTOP\PROJETS\R-TYPE\R-TYPE\BYDOSTD\DEBUG\WINRANDOM.OBJ
C:\USERS\PORTAL_F\DESKTOP\PROJETS\R-TYPE\R-TYPE\DEBUG\BYDOSTD.DLL
C:\Users\portal_f\Desktop\Projets\R-Type\R-Type\Debug\BydoStd.exp
C:\USERS\PORTAL_F\DESKTOP\PROJETS\R-TYPE\R-TYPE\DEBUG\BYDOSTD.ILK
C:\Users\portal_f\Desktop\Projets\R-Type\R-Type\Debug\BydoStd.lib
C:\USERS\PORTAL_F\DESKTOP\PROJETS\R-TYPE\R-TYPE\DEBUG\BYDOSTD.PDB
