C:\USERS\PORTAL_F\DESKTOP\PROJETS\R-TYPE\R-TYPE\BYDOBOSS\DEBUG\ABULLET.OBJ
C:\USERS\PORTAL_F\DESKTOP\PROJETS\R-TYPE\R-TYPE\BYDOBOSS\DEBUG\AENTITY.OBJ
C:\USERS\PORTAL_F\DESKTOP\PROJETS\R-TYPE\R-TYPE\BYDOBOSS\DEBUG\AMOB.OBJ
C:\USERS\PORTAL_F\DESKTOP\PROJETS\R-TYPE\R-TYPE\BYDOBOSS\DEBUG\BULLETINFOS.OBJ
C:\USERS\PORTAL_F\DESKTOP\PROJETS\R-TYPE\R-TYPE\BYDOBOSS\DEBUG\BYDOBOSS.DLL.EMBED.MANIFEST
C:\USERS\PORTAL_F\DESKTOP\PROJETS\R-TYPE\R-TYPE\BYDOBOSS\DEBUG\BYDOBOSS.DLL.EMBED.MANIFEST.RES
C:\USERS\PORTAL_F\DESKTOP\PROJETS\R-TYPE\R-TYPE\BYDOBOSS\DEBUG\BYDOBOSS.DLL.INTERMEDIATE.MANIFEST
C:\USERS\PORTAL_F\DESKTOP\PROJETS\R-TYPE\R-TYPE\BYDOBOSS\DEBUG\BYDOBOSS.OBJ
C:\Users\portal_f\Desktop\Projets\R-Type\R-Type\BydoBoss\Debug\BydoBoss.write.1.tlog
C:\Users\portal_f\Desktop\Projets\R-Type\R-Type\BydoBoss\Debug\BydoBoss_manifest.rc
C:\Users\portal_f\Desktop\Projets\R-Type\R-Type\BydoBoss\Debug\cl.command.1.tlog
C:\Users\portal_f\Desktop\Projets\R-Type\R-Type\BydoBoss\Debug\CL.read.1.tlog
C:\Users\portal_f\Desktop\Projets\R-Type\R-Type\BydoBoss\Debug\CL.write.1.tlog
C:\Users\portal_f\Desktop\Projets\R-Type\R-Type\BydoBoss\Debug\link.4672.read.1.tlog
C:\Users\portal_f\Desktop\Projets\R-Type\R-Type\BydoBoss\Debug\link.4672.write.1.tlog
C:\Users\portal_f\Desktop\Projets\R-Type\R-Type\BydoBoss\Debug\link.4672-cvtres.read.1.tlog
C:\Users\portal_f\Desktop\Projets\R-Type\R-Type\BydoBoss\Debug\link.4672-cvtres.write.1.tlog
C:\Users\portal_f\Desktop\Projets\R-Type\R-Type\BydoBoss\Debug\link.command.1.tlog
C:\Users\portal_f\Desktop\Projets\R-Type\R-Type\BydoBoss\Debug\link.read.1.tlog
C:\Users\portal_f\Desktop\Projets\R-Type\R-Type\BydoBoss\Debug\link.write.1.tlog
C:\Users\portal_f\Desktop\Projets\R-Type\R-Type\BydoBoss\Debug\link-cvtres.read.1.tlog
C:\Users\portal_f\Desktop\Projets\R-Type\R-Type\BydoBoss\Debug\link-cvtres.write.1.tlog
C:\Users\portal_f\Desktop\Projets\R-Type\R-Type\BydoBoss\Debug\mt.command.1.tlog
C:\Users\portal_f\Desktop\Projets\R-Type\R-Type\BydoBoss\Debug\mt.read.1.tlog
C:\Users\portal_f\Desktop\Projets\R-Type\R-Type\BydoBoss\Debug\mt.write.1.tlog
C:\USERS\PORTAL_F\DESKTOP\PROJETS\R-TYPE\R-TYPE\BYDOBOSS\DEBUG\PLAYER.OBJ
C:\Users\portal_f\Desktop\Projets\R-Type\R-Type\BydoBoss\Debug\rc.command.1.tlog
C:\Users\portal_f\Desktop\Projets\R-Type\R-Type\BydoBoss\Debug\rc.read.1.tlog
C:\Users\portal_f\Desktop\Projets\R-Type\R-Type\BydoBoss\Debug\rc.write.1.tlog
C:\USERS\PORTAL_F\DESKTOP\PROJETS\R-TYPE\R-TYPE\BYDOBOSS\DEBUG\TILE.OBJ
C:\Users\portal_f\Desktop\Projets\R-Type\R-Type\BydoBoss\Debug\vc100.idb
C:\USERS\PORTAL_F\DESKTOP\PROJETS\R-TYPE\R-TYPE\BYDOBOSS\DEBUG\VC100.PDB
C:\USERS\PORTAL_F\DESKTOP\PROJETS\R-TYPE\R-TYPE\BYDOBOSS\DEBUG\WINRANDOM.OBJ
C:\USERS\PORTAL_F\DESKTOP\PROJETS\R-TYPE\R-TYPE\DEBUG\BYDOBOSS.DLL
C:\Users\portal_f\Desktop\Projets\R-Type\R-Type\Debug\BydoBoss.exp
C:\USERS\PORTAL_F\DESKTOP\PROJETS\R-TYPE\R-TYPE\DEBUG\BYDOBOSS.ILK
C:\Users\portal_f\Desktop\Projets\R-Type\R-Type\Debug\BydoBoss.lib
C:\USERS\PORTAL_F\DESKTOP\PROJETS\R-TYPE\R-TYPE\DEBUG\BYDOBOSS.PDB
