C:\USERS\PORTAL_F\DESKTOP\PROJETS\R-TYPE\R-TYPE\CLIENT\DEBUG\AEVENT.OBJ
C:\USERS\PORTAL_F\DESKTOP\PROJETS\R-TYPE\R-TYPE\CLIENT\DEBUG\AMENU.OBJ
C:\USERS\PORTAL_F\DESKTOP\PROJETS\R-TYPE\R-TYPE\CLIENT\DEBUG\BACKGROUNDDRAWABLE.OBJ
C:\USERS\PORTAL_F\DESKTOP\PROJETS\R-TYPE\R-TYPE\CLIENT\DEBUG\BULLETDRAWABLE.OBJ
C:\Users\portal_f\Desktop\Projets\R-Type\R-Type\Client\Debug\cl.command.1.tlog
C:\Users\portal_f\Desktop\Projets\R-Type\R-Type\Client\Debug\CL.read.1.tlog
C:\Users\portal_f\Desktop\Projets\R-Type\R-Type\Client\Debug\CL.write.1.tlog
C:\USERS\PORTAL_F\DESKTOP\PROJETS\R-TYPE\R-TYPE\CLIENT\DEBUG\CLIENT.EXE.INTERMEDIATE.MANIFEST
C:\Users\portal_f\Desktop\Projets\R-Type\R-Type\Client\Debug\Client.write.1.tlog
C:\USERS\PORTAL_F\DESKTOP\PROJETS\R-TYPE\R-TYPE\CLIENT\DEBUG\CORE.OBJ
C:\USERS\PORTAL_F\DESKTOP\PROJETS\R-TYPE\R-TYPE\CLIENT\DEBUG\ENEMYDRAWABLE.OBJ
C:\USERS\PORTAL_F\DESKTOP\PROJETS\R-TYPE\R-TYPE\CLIENT\DEBUG\ERRORMENU.OBJ
C:\USERS\PORTAL_F\DESKTOP\PROJETS\R-TYPE\R-TYPE\CLIENT\DEBUG\EVENTGAMEEND.OBJ
C:\USERS\PORTAL_F\DESKTOP\PROJETS\R-TYPE\R-TYPE\CLIENT\DEBUG\EVENTGENERIC.OBJ
C:\USERS\PORTAL_F\DESKTOP\PROJETS\R-TYPE\R-TYPE\CLIENT\DEBUG\EVENTINPUT.OBJ
C:\USERS\PORTAL_F\DESKTOP\PROJETS\R-TYPE\R-TYPE\CLIENT\DEBUG\EVENTROOMLIST.OBJ
C:\USERS\PORTAL_F\DESKTOP\PROJETS\R-TYPE\R-TYPE\CLIENT\DEBUG\EXPLOSIONDRAWABLE.OBJ
C:\USERS\PORTAL_F\DESKTOP\PROJETS\R-TYPE\R-TYPE\CLIENT\DEBUG\FMODSOUNDMANAGER.OBJ
C:\USERS\PORTAL_F\DESKTOP\PROJETS\R-TYPE\R-TYPE\CLIENT\DEBUG\GAME.OBJ
C:\USERS\PORTAL_F\DESKTOP\PROJETS\R-TYPE\R-TYPE\CLIENT\DEBUG\GAMEREQUESTMANAGER.OBJ
C:\Users\portal_f\Desktop\Projets\R-Type\R-Type\Client\Debug\link.command.1.tlog
C:\Users\portal_f\Desktop\Projets\R-Type\R-Type\Client\Debug\link.read.1.tlog
C:\Users\portal_f\Desktop\Projets\R-Type\R-Type\Client\Debug\link.write.1.tlog
C:\USERS\PORTAL_F\DESKTOP\PROJETS\R-TYPE\R-TYPE\CLIENT\DEBUG\LISTROOMMENU.OBJ
C:\USERS\PORTAL_F\DESKTOP\PROJETS\R-TYPE\R-TYPE\CLIENT\DEBUG\LOADINGMENU.OBJ
C:\USERS\PORTAL_F\DESKTOP\PROJETS\R-TYPE\R-TYPE\CLIENT\DEBUG\MAIN.OBJ
C:\USERS\PORTAL_F\DESKTOP\PROJETS\R-TYPE\R-TYPE\CLIENT\DEBUG\MAINMENU.OBJ
C:\USERS\PORTAL_F\DESKTOP\PROJETS\R-TYPE\R-TYPE\CLIENT\DEBUG\MENUMANAGER.OBJ
C:\USERS\PORTAL_F\DESKTOP\PROJETS\R-TYPE\R-TYPE\CLIENT\DEBUG\MOBBULLETDRAWABLE.OBJ
C:\Users\portal_f\Desktop\Projets\R-Type\R-Type\Client\Debug\mt.command.1.tlog
C:\Users\portal_f\Desktop\Projets\R-Type\R-Type\Client\Debug\mt.read.1.tlog
C:\Users\portal_f\Desktop\Projets\R-Type\R-Type\Client\Debug\mt.write.1.tlog
C:\USERS\PORTAL_F\DESKTOP\PROJETS\R-TYPE\R-TYPE\CLIENT\DEBUG\OBJ.OBJ
C:\USERS\PORTAL_F\DESKTOP\PROJETS\R-TYPE\R-TYPE\CLIENT\DEBUG\PACKMAN.OBJ
C:\USERS\PORTAL_F\DESKTOP\PROJETS\R-TYPE\R-TYPE\CLIENT\DEBUG\PAUSEMENU.OBJ
C:\USERS\PORTAL_F\DESKTOP\PROJETS\R-TYPE\R-TYPE\CLIENT\DEBUG\PLAYERALIVEDRAWABLE.OBJ
C:\USERS\PORTAL_F\DESKTOP\PROJETS\R-TYPE\R-TYPE\CLIENT\DEBUG\REQUESTMANAGER.OBJ
C:\USERS\PORTAL_F\DESKTOP\PROJETS\R-TYPE\R-TYPE\CLIENT\DEBUG\ROOMMENU.OBJ
C:\USERS\PORTAL_F\DESKTOP\PROJETS\R-TYPE\R-TYPE\CLIENT\DEBUG\SAFEBOOL.OBJ
C:\USERS\PORTAL_F\DESKTOP\PROJETS\R-TYPE\R-TYPE\CLIENT\DEBUG\SCORESMENU.OBJ
C:\USERS\PORTAL_F\DESKTOP\PROJETS\R-TYPE\R-TYPE\CLIENT\DEBUG\SFMLDISPLAY.OBJ
C:\USERS\PORTAL_F\DESKTOP\PROJETS\R-TYPE\R-TYPE\CLIENT\DEBUG\SFMLDRAWABLE.OBJ
C:\USERS\PORTAL_F\DESKTOP\PROJETS\R-TYPE\R-TYPE\CLIENT\DEBUG\THREADPOOL.OBJ
C:\Users\portal_f\Desktop\Projets\R-Type\R-Type\Client\Debug\vc100.idb
C:\USERS\PORTAL_F\DESKTOP\PROJETS\R-TYPE\R-TYPE\CLIENT\DEBUG\VC100.PDB
C:\USERS\PORTAL_F\DESKTOP\PROJETS\R-TYPE\R-TYPE\CLIENT\DEBUG\WINCONDVAR.OBJ
C:\USERS\PORTAL_F\DESKTOP\PROJETS\R-TYPE\R-TYPE\CLIENT\DEBUG\WINMUTEX.OBJ
C:\USERS\PORTAL_F\DESKTOP\PROJETS\R-TYPE\R-TYPE\CLIENT\DEBUG\WINSELECT.OBJ
C:\USERS\PORTAL_F\DESKTOP\PROJETS\R-TYPE\R-TYPE\CLIENT\DEBUG\WINSERVERSERVICE.OBJ
C:\USERS\PORTAL_F\DESKTOP\PROJETS\R-TYPE\R-TYPE\CLIENT\DEBUG\WINTCPSERVICE.OBJ
C:\USERS\PORTAL_F\DESKTOP\PROJETS\R-TYPE\R-TYPE\CLIENT\DEBUG\WINUDPSERVICE.OBJ
C:\USERS\PORTAL_F\DESKTOP\PROJETS\R-TYPE\R-TYPE\CLIENT\DEBUG\WORKER.OBJ
C:\USERS\PORTAL_F\DESKTOP\PROJETS\R-TYPE\R-TYPE\DEBUG\CLIENT.EXE
C:\USERS\PORTAL_F\DESKTOP\PROJETS\R-TYPE\R-TYPE\DEBUG\CLIENT.ILK
C:\USERS\PORTAL_F\DESKTOP\PROJETS\R-TYPE\R-TYPE\DEBUG\CLIENT.PDB
