Build started 20/01/2013 22:36:42.
     1>Project "C:\Users\portal_f\Desktop\Projets\R-Type\R-Type\Client\Client.vcxproj" on node 2 (build target(s)).
     1>InitializeBuildStatus:
         Creating "Debug\Client.unsuccessfulbuild" because "AlwaysCreate" was specified.
       ClCompile:
         c:\Program Files (x86)\Microsoft Visual Studio 10.0\VC\bin\CL.exe /c /I"C:\Program Files (x86)\FMOD SoundSystem\FMOD Programmers API Windows\api\inc" /I..\Common /I..\Client\include /Zi /nologo /W3 /WX- /Od /Oy- /D _MBCS /Gm /EHsc /RTC1 /MDd /GS /fp:precise /Zc:wchar_t /Zc:forScope /Fo"Debug\\" /Fd"Debug\vc100.pdb" /Gd /TP /analyze- /errorReport:prompt EventGameEnd.cpp GameRequestManager.cpp MenuManager.cpp ScoresMenu.cpp
         ScoresMenu.cpp
         MenuManager.cpp
         GameRequestManager.cpp
         EventGameEnd.cpp
         Generating Code...
       Link:
         c:\Program Files (x86)\Microsoft Visual Studio 10.0\VC\bin\link.exe /ERRORREPORT:PROMPT /OUT:"C:\Users\portal_f\Desktop\Projets\R-Type\R-Type\Debug\Client.exe" /NOLOGO /LIBPATH:"C:\Users\busina_b\Documents\RType\R-Type\R-Type\Client\lib\FMOD" /LIBPATH:lib\ kernel32.lib user32.lib gdi32.lib winspool.lib comdlg32.lib advapi32.lib shell32.lib ole32.lib oleaut32.lib uuid.lib odbc32.lib odbccp32.lib /MANIFEST /ManifestFile:"Debug\Client.exe.intermediate.manifest" /MANIFESTUAC:"level='asInvoker' uiAccess='false'" /DEBUG /PDB:"C:\Users\portal_f\Desktop\Projets\R-Type\R-Type\Debug\Client.pdb" /TLBID:1 /DYNAMICBASE /NXCOMPAT /IMPLIB:"C:\Users\portal_f\Desktop\Projets\R-Type\R-Type\Debug\Client.lib" /MACHINE:X86 Debug\Packman.obj
         Debug\SafeBool.obj
         Debug\ThreadPool.obj
         Debug\WinCondVar.obj
         Debug\WinMutex.obj
         Debug\WinSelect.obj
         Debug\WinServerService.obj
         Debug\WinTCPService.obj
         Debug\WinUDPService.obj
         Debug\Worker.obj
         Debug\AEvent.obj
         Debug\AMenu.obj
         Debug\BackgroundDrawable.obj
         Debug\BulletDrawable.obj
         Debug\Core.obj
         Debug\EnemyDrawable.obj
         Debug\ErrorMenu.obj
         Debug\EventGameEnd.obj
         Debug\EventGeneric.obj
         Debug\EventInput.obj
         Debug\EventRoomList.obj
         Debug\ExplosionDrawable.obj
         Debug\FmodSoundManager.obj
         Debug\Game.obj
         Debug\GameRequestManager.obj
         Debug\ListRoomMenu.obj
         Debug\LoadingMenu.obj
         Debug\main.obj
         Debug\MainMenu.obj
         Debug\MenuManager.obj
         Debug\mobBulletDrawable.obj
         Debug\Obj.obj
         Debug\PauseMenu.obj
         Debug\PlayerAliveDrawable.obj
         Debug\RequestManager.obj
         Debug\RoomMenu.obj
         Debug\ScoresMenu.obj
         Debug\SFMLDisplay.obj
         Debug\SFMLDrawable.obj
         lib\FMOD\fmodex64_vc.lib
         lib\FMOD\fmodexL64_vc.lib
         lib\FMOD\fmodexL_lcc.lib
         lib\FMOD\fmodexL_vc.lib
         lib\FMOD\fmodex_lcc.lib
         lib\FMOD\fmodex_vc.lib
         "lib\SFML\sfml-audio-s-d.lib"
         "lib\SFML\sfml-graphics-s-d.lib"
         "lib\SFML\sfml-main-d.lib"
         "lib\SFML\sfml-main.lib"
         "lib\SFML\sfml-network-s-d.lib"
         "lib\SFML\sfml-system-s-d.lib"
         "lib\SFML\sfml-window-s-d.lib"
         LINK : C:\Users\portal_f\Desktop\Projets\R-Type\R-Type\Debug\Client.exe not found or not built by the last incremental link; performing full link
     1>LINK : warning LNK4098: defaultlib 'LIBCMT' conflicts with use of other libs; use /NODEFAULTLIB:library
     1>sfml-graphics-s-d.lib(adler32.obj) : warning LNK4099: PDB 'vc100.pdb' was not found with 'sfml-graphics-s-d.lib(adler32.obj)' or at 'C:\Users\portal_f\Desktop\Projets\R-Type\R-Type\Debug\vc100.pdb'; linking object as if no debug info
     1>sfml-graphics-s-d.lib(compress.obj) : warning LNK4099: PDB 'vc100.pdb' was not found with 'sfml-graphics-s-d.lib(compress.obj)' or at 'C:\Users\portal_f\Desktop\Projets\R-Type\R-Type\Debug\vc100.pdb'; linking object as if no debug info
     1>sfml-graphics-s-d.lib(crc32.obj) : warning LNK4099: PDB 'vc100.pdb' was not found with 'sfml-graphics-s-d.lib(crc32.obj)' or at 'C:\Users\portal_f\Desktop\Projets\R-Type\R-Type\Debug\vc100.pdb'; linking object as if no debug info
     1>sfml-graphics-s-d.lib(deflate.obj) : warning LNK4099: PDB 'vc100.pdb' was not found with 'sfml-graphics-s-d.lib(deflate.obj)' or at 'C:\Users\portal_f\Desktop\Projets\R-Type\R-Type\Debug\vc100.pdb'; linking object as if no debug info
     1>sfml-graphics-s-d.lib(inffast.obj) : warning LNK4099: PDB 'vc100.pdb' was not found with 'sfml-graphics-s-d.lib(inffast.obj)' or at 'C:\Users\portal_f\Desktop\Projets\R-Type\R-Type\Debug\vc100.pdb'; linking object as if no debug info
     1>sfml-graphics-s-d.lib(inflate.obj) : warning LNK4099: PDB 'vc100.pdb' was not found with 'sfml-graphics-s-d.lib(inflate.obj)' or at 'C:\Users\portal_f\Desktop\Projets\R-Type\R-Type\Debug\vc100.pdb'; linking object as if no debug info
     1>sfml-graphics-s-d.lib(inftrees.obj) : warning LNK4099: PDB 'vc100.pdb' was not found with 'sfml-graphics-s-d.lib(inftrees.obj)' or at 'C:\Users\portal_f\Desktop\Projets\R-Type\R-Type\Debug\vc100.pdb'; linking object as if no debug info
     1>sfml-graphics-s-d.lib(trees.obj) : warning LNK4099: PDB 'vc100.pdb' was not found with 'sfml-graphics-s-d.lib(trees.obj)' or at 'C:\Users\portal_f\Desktop\Projets\R-Type\R-Type\Debug\vc100.pdb'; linking object as if no debug info
     1>sfml-graphics-s-d.lib(zutil.obj) : warning LNK4099: PDB 'vc100.pdb' was not found with 'sfml-graphics-s-d.lib(zutil.obj)' or at 'C:\Users\portal_f\Desktop\Projets\R-Type\R-Type\Debug\vc100.pdb'; linking object as if no debug info
     1>sfml-graphics-s-d.lib(png.obj) : warning LNK4099: PDB 'vc100.pdb' was not found with 'sfml-graphics-s-d.lib(png.obj)' or at 'C:\Users\portal_f\Desktop\Projets\R-Type\R-Type\Debug\vc100.pdb'; linking object as if no debug info
     1>sfml-graphics-s-d.lib(pngerror.obj) : warning LNK4099: PDB 'vc100.pdb' was not found with 'sfml-graphics-s-d.lib(pngerror.obj)' or at 'C:\Users\portal_f\Desktop\Projets\R-Type\R-Type\Debug\vc100.pdb'; linking object as if no debug info
     1>sfml-graphics-s-d.lib(pngmem.obj) : warning LNK4099: PDB 'vc100.pdb' was not found with 'sfml-graphics-s-d.lib(pngmem.obj)' or at 'C:\Users\portal_f\Desktop\Projets\R-Type\R-Type\Debug\vc100.pdb'; linking object as if no debug info
     1>sfml-graphics-s-d.lib(pngset.obj) : warning LNK4099: PDB 'vc100.pdb' was not found with 'sfml-graphics-s-d.lib(pngset.obj)' or at 'C:\Users\portal_f\Desktop\Projets\R-Type\R-Type\Debug\vc100.pdb'; linking object as if no debug info
     1>sfml-graphics-s-d.lib(pngtrans.obj) : warning LNK4099: PDB 'vc100.pdb' was not found with 'sfml-graphics-s-d.lib(pngtrans.obj)' or at 'C:\Users\portal_f\Desktop\Projets\R-Type\R-Type\Debug\vc100.pdb'; linking object as if no debug info
     1>sfml-graphics-s-d.lib(pngwio.obj) : warning LNK4099: PDB 'vc100.pdb' was not found with 'sfml-graphics-s-d.lib(pngwio.obj)' or at 'C:\Users\portal_f\Desktop\Projets\R-Type\R-Type\Debug\vc100.pdb'; linking object as if no debug info
     1>sfml-graphics-s-d.lib(pngwrite.obj) : warning LNK4099: PDB 'vc100.pdb' was not found with 'sfml-graphics-s-d.lib(pngwrite.obj)' or at 'C:\Users\portal_f\Desktop\Projets\R-Type\R-Type\Debug\vc100.pdb'; linking object as if no debug info
     1>sfml-graphics-s-d.lib(pngwtran.obj) : warning LNK4099: PDB 'vc100.pdb' was not found with 'sfml-graphics-s-d.lib(pngwtran.obj)' or at 'C:\Users\portal_f\Desktop\Projets\R-Type\R-Type\Debug\vc100.pdb'; linking object as if no debug info
     1>sfml-graphics-s-d.lib(pngwutil.obj) : warning LNK4099: PDB 'vc100.pdb' was not found with 'sfml-graphics-s-d.lib(pngwutil.obj)' or at 'C:\Users\portal_f\Desktop\Projets\R-Type\R-Type\Debug\vc100.pdb'; linking object as if no debug info
     1>sfml-graphics-s-d.lib(image_DXT.obj) : warning LNK4099: PDB 'vc100.pdb' was not found with 'sfml-graphics-s-d.lib(image_DXT.obj)' or at 'C:\Users\portal_f\Desktop\Projets\R-Type\R-Type\Debug\vc100.pdb'; linking object as if no debug info
     1>sfml-graphics-s-d.lib(SOIL.obj) : warning LNK4099: PDB 'vc100.pdb' was not found with 'sfml-graphics-s-d.lib(SOIL.obj)' or at 'C:\Users\portal_f\Desktop\Projets\R-Type\R-Type\Debug\vc100.pdb'; linking object as if no debug info
     1>sfml-graphics-s-d.lib(stb_image_aug.obj) : warning LNK4099: PDB 'vc100.pdb' was not found with 'sfml-graphics-s-d.lib(stb_image_aug.obj)' or at 'C:\Users\portal_f\Desktop\Projets\R-Type\R-Type\Debug\vc100.pdb'; linking object as if no debug info
     1>sfml-graphics-s-d.lib(jcapimin.obj) : warning LNK4099: PDB 'vc100.pdb' was not found with 'sfml-graphics-s-d.lib(jcapimin.obj)' or at 'C:\Users\portal_f\Desktop\Projets\R-Type\R-Type\Debug\vc100.pdb'; linking object as if no debug info
     1>sfml-graphics-s-d.lib(jcapistd.obj) : warning LNK4099: PDB 'vc100.pdb' was not found with 'sfml-graphics-s-d.lib(jcapistd.obj)' or at 'C:\Users\portal_f\Desktop\Projets\R-Type\R-Type\Debug\vc100.pdb'; linking object as if no debug info
     1>sfml-graphics-s-d.lib(jccoefct.obj) : warning LNK4099: PDB 'vc100.pdb' was not found with 'sfml-graphics-s-d.lib(jccoefct.obj)' or at 'C:\Users\portal_f\Desktop\Projets\R-Type\R-Type\Debug\vc100.pdb'; linking object as if no debug info
     1>sfml-graphics-s-d.lib(jccolor.obj) : warning LNK4099: PDB 'vc100.pdb' was not found with 'sfml-graphics-s-d.lib(jccolor.obj)' or at 'C:\Users\portal_f\Desktop\Projets\R-Type\R-Type\Debug\vc100.pdb'; linking object as if no debug info
     1>sfml-graphics-s-d.lib(jcdctmgr.obj) : warning LNK4099: PDB 'vc100.pdb' was not found with 'sfml-graphics-s-d.lib(jcdctmgr.obj)' or at 'C:\Users\portal_f\Desktop\Projets\R-Type\R-Type\Debug\vc100.pdb'; linking object as if no debug info
     1>sfml-graphics-s-d.lib(jchuff.obj) : warning LNK4099: PDB 'vc100.pdb' was not found with 'sfml-graphics-s-d.lib(jchuff.obj)' or at 'C:\Users\portal_f\Desktop\Projets\R-Type\R-Type\Debug\vc100.pdb'; linking object as if no debug info
     1>sfml-graphics-s-d.lib(jcinit.obj) : warning LNK4099: PDB 'vc100.pdb' was not found with 'sfml-graphics-s-d.lib(jcinit.obj)' or at 'C:\Users\portal_f\Desktop\Projets\R-Type\R-Type\Debug\vc100.pdb'; linking object as if no debug info
     1>sfml-graphics-s-d.lib(jcmainct.obj) : warning LNK4099: PDB 'vc100.pdb' was not found with 'sfml-graphics-s-d.lib(jcmainct.obj)' or at 'C:\Users\portal_f\Desktop\Projets\R-Type\R-Type\Debug\vc100.pdb'; linking object as if no debug info
     1>sfml-graphics-s-d.lib(jcmarker.obj) : warning LNK4099: PDB 'vc100.pdb' was not found with 'sfml-graphics-s-d.lib(jcmarker.obj)' or at 'C:\Users\portal_f\Desktop\Projets\R-Type\R-Type\Debug\vc100.pdb'; linking object as if no debug info
     1>sfml-graphics-s-d.lib(jcmaster.obj) : warning LNK4099: PDB 'vc100.pdb' was not found with 'sfml-graphics-s-d.lib(jcmaster.obj)' or at 'C:\Users\portal_f\Desktop\Projets\R-Type\R-Type\Debug\vc100.pdb'; linking object as if no debug info
     1>sfml-graphics-s-d.lib(jcomapi.obj) : warning LNK4099: PDB 'vc100.pdb' was not found with 'sfml-graphics-s-d.lib(jcomapi.obj)' or at 'C:\Users\portal_f\Desktop\Projets\R-Type\R-Type\Debug\vc100.pdb'; linking object as if no debug info
     1>sfml-graphics-s-d.lib(jcparam.obj) : warning LNK4099: PDB 'vc100.pdb' was not found with 'sfml-graphics-s-d.lib(jcparam.obj)' or at 'C:\Users\portal_f\Desktop\Projets\R-Type\R-Type\Debug\vc100.pdb'; linking object as if no debug info
     1>sfml-graphics-s-d.lib(jcphuff.obj) : warning LNK4099: PDB 'vc100.pdb' was not found with 'sfml-graphics-s-d.lib(jcphuff.obj)' or at 'C:\Users\portal_f\Desktop\Projets\R-Type\R-Type\Debug\vc100.pdb'; linking object as if no debug info
     1>sfml-graphics-s-d.lib(jcprepct.obj) : warning LNK4099: PDB 'vc100.pdb' was not found with 'sfml-graphics-s-d.lib(jcprepct.obj)' or at 'C:\Users\portal_f\Desktop\Projets\R-Type\R-Type\Debug\vc100.pdb'; linking object as if no debug info
     1>sfml-graphics-s-d.lib(jcsample.obj) : warning LNK4099: PDB 'vc100.pdb' was not found with 'sfml-graphics-s-d.lib(jcsample.obj)' or at 'C:\Users\portal_f\Desktop\Projets\R-Type\R-Type\Debug\vc100.pdb'; linking object as if no debug info
     1>sfml-graphics-s-d.lib(jdatadst.obj) : warning LNK4099: PDB 'vc100.pdb' was not found with 'sfml-graphics-s-d.lib(jdatadst.obj)' or at 'C:\Users\portal_f\Desktop\Projets\R-Type\R-Type\Debug\vc100.pdb'; linking object as if no debug info
     1>sfml-graphics-s-d.lib(jerror.obj) : warning LNK4099: PDB 'vc100.pdb' was not found with 'sfml-graphics-s-d.lib(jerror.obj)' or at 'C:\Users\portal_f\Desktop\Projets\R-Type\R-Type\Debug\vc100.pdb'; linking object as if no debug info
     1>sfml-graphics-s-d.lib(jfdctflt.obj) : warning LNK4099: PDB 'vc100.pdb' was not found with 'sfml-graphics-s-d.lib(jfdctflt.obj)' or at 'C:\Users\portal_f\Desktop\Projets\R-Type\R-Type\Debug\vc100.pdb'; linking object as if no debug info
     1>sfml-graphics-s-d.lib(jfdctfst.obj) : warning LNK4099: PDB 'vc100.pdb' was not found with 'sfml-graphics-s-d.lib(jfdctfst.obj)' or at 'C:\Users\portal_f\Desktop\Projets\R-Type\R-Type\Debug\vc100.pdb'; linking object as if no debug info
     1>sfml-graphics-s-d.lib(jfdctint.obj) : warning LNK4099: PDB 'vc100.pdb' was not found with 'sfml-graphics-s-d.lib(jfdctint.obj)' or at 'C:\Users\portal_f\Desktop\Projets\R-Type\R-Type\Debug\vc100.pdb'; linking object as if no debug info
     1>sfml-graphics-s-d.lib(jmemmgr.obj) : warning LNK4099: PDB 'vc100.pdb' was not found with 'sfml-graphics-s-d.lib(jmemmgr.obj)' or at 'C:\Users\portal_f\Desktop\Projets\R-Type\R-Type\Debug\vc100.pdb'; linking object as if no debug info
     1>sfml-graphics-s-d.lib(jmemnobs.obj) : warning LNK4099: PDB 'vc100.pdb' was not found with 'sfml-graphics-s-d.lib(jmemnobs.obj)' or at 'C:\Users\portal_f\Desktop\Projets\R-Type\R-Type\Debug\vc100.pdb'; linking object as if no debug info
     1>sfml-graphics-s-d.lib(jutils.obj) : warning LNK4099: PDB 'vc100.pdb' was not found with 'sfml-graphics-s-d.lib(jutils.obj)' or at 'C:\Users\portal_f\Desktop\Projets\R-Type\R-Type\Debug\vc100.pdb'; linking object as if no debug info
     1>sfml-graphics-s-d.lib(glew.obj) : warning LNK4099: PDB 'vc100.pdb' was not found with 'sfml-graphics-s-d.lib(glew.obj)' or at 'C:\Users\portal_f\Desktop\Projets\R-Type\R-Type\Debug\vc100.pdb'; linking object as if no debug info
     1>sfml-graphics-s-d.lib(Color.obj) : warning LNK4099: PDB 'vc100.pdb' was not found with 'sfml-graphics-s-d.lib(Color.obj)' or at 'C:\Users\portal_f\Desktop\Projets\R-Type\R-Type\Debug\vc100.pdb'; linking object as if no debug info
     1>sfml-graphics-s-d.lib(Drawable.obj) : warning LNK4099: PDB 'vc100.pdb' was not found with 'sfml-graphics-s-d.lib(Drawable.obj)' or at 'C:\Users\portal_f\Desktop\Projets\R-Type\R-Type\Debug\vc100.pdb'; linking object as if no debug info
     1>sfml-graphics-s-d.lib(Font.obj) : warning LNK4099: PDB 'vc100.pdb' was not found with 'sfml-graphics-s-d.lib(Font.obj)' or at 'C:\Users\portal_f\Desktop\Projets\R-Type\R-Type\Debug\vc100.pdb'; linking object as if no debug info
     1>sfml-graphics-s-d.lib(FontLoader.obj) : warning LNK4099: PDB 'vc100.pdb' was not found with 'sfml-graphics-s-d.lib(FontLoader.obj)' or at 'C:\Users\portal_f\Desktop\Projets\R-Type\R-Type\Debug\vc100.pdb'; linking object as if no debug info
     1>sfml-graphics-s-d.lib(GraphicsContext.obj) : warning LNK4099: PDB 'vc100.pdb' was not found with 'sfml-graphics-s-d.lib(GraphicsContext.obj)' or at 'C:\Users\portal_f\Desktop\Projets\R-Type\R-Type\Debug\vc100.pdb'; linking object as if no debug info
     1>sfml-graphics-s-d.lib(Image.obj) : warning LNK4099: PDB 'vc100.pdb' was not found with 'sfml-graphics-s-d.lib(Image.obj)' or at 'C:\Users\portal_f\Desktop\Projets\R-Type\R-Type\Debug\vc100.pdb'; linking object as if no debug info
     1>sfml-graphics-s-d.lib(ImageLoader.obj) : warning LNK4099: PDB 'vc100.pdb' was not found with 'sfml-graphics-s-d.lib(ImageLoader.obj)' or at 'C:\Users\portal_f\Desktop\Projets\R-Type\R-Type\Debug\vc100.pdb'; linking object as if no debug info
     1>sfml-graphics-s-d.lib(Matrix3.obj) : warning LNK4099: PDB 'vc100.pdb' was not found with 'sfml-graphics-s-d.lib(Matrix3.obj)' or at 'C:\Users\portal_f\Desktop\Projets\R-Type\R-Type\Debug\vc100.pdb'; linking object as if no debug info
     1>sfml-graphics-s-d.lib(RenderTarget.obj) : warning LNK4099: PDB 'vc100.pdb' was not found with 'sfml-graphics-s-d.lib(RenderTarget.obj)' or at 'C:\Users\portal_f\Desktop\Projets\R-Type\R-Type\Debug\vc100.pdb'; linking object as if no debug info
     1>sfml-graphics-s-d.lib(RenderWindow.obj) : warning LNK4099: PDB 'vc100.pdb' was not found with 'sfml-graphics-s-d.lib(RenderWindow.obj)' or at 'C:\Users\portal_f\Desktop\Projets\R-Type\R-Type\Debug\vc100.pdb'; linking object as if no debug info
     1>sfml-graphics-s-d.lib(Sprite.obj) : warning LNK4099: PDB 'vc100.pdb' was not found with 'sfml-graphics-s-d.lib(Sprite.obj)' or at 'C:\Users\portal_f\Desktop\Projets\R-Type\R-Type\Debug\vc100.pdb'; linking object as if no debug info
     1>sfml-graphics-s-d.lib(String.obj) : warning LNK4099: PDB 'vc100.pdb' was not found with 'sfml-graphics-s-d.lib(String.obj)' or at 'C:\Users\portal_f\Desktop\Projets\R-Type\R-Type\Debug\vc100.pdb'; linking object as if no debug info
     1>sfml-graphics-s-d.lib(View.obj) : warning LNK4099: PDB 'vc100.pdb' was not found with 'sfml-graphics-s-d.lib(View.obj)' or at 'C:\Users\portal_f\Desktop\Projets\R-Type\R-Type\Debug\vc100.pdb'; linking object as if no debug info
     1>sfml-system-s-d.lib(Platform.obj) : warning LNK4099: PDB 'vc100.pdb' was not found with 'sfml-system-s-d.lib(Platform.obj)' or at 'C:\Users\portal_f\Desktop\Projets\R-Type\R-Type\Debug\vc100.pdb'; linking object as if no debug info
     1>sfml-system-s-d.lib(Clock.obj) : warning LNK4099: PDB 'vc100.pdb' was not found with 'sfml-system-s-d.lib(Clock.obj)' or at 'C:\Users\portal_f\Desktop\Projets\R-Type\R-Type\Debug\vc100.pdb'; linking object as if no debug info
     1>sfml-system-s-d.lib(Sleep.obj) : warning LNK4099: PDB 'vc100.pdb' was not found with 'sfml-system-s-d.lib(Sleep.obj)' or at 'C:\Users\portal_f\Desktop\Projets\R-Type\R-Type\Debug\vc100.pdb'; linking object as if no debug info
     1>sfml-system-s-d.lib(Unicode.obj) : warning LNK4099: PDB 'vc100.pdb' was not found with 'sfml-system-s-d.lib(Unicode.obj)' or at 'C:\Users\portal_f\Desktop\Projets\R-Type\R-Type\Debug\vc100.pdb'; linking object as if no debug info
     1>sfml-window-s-d.lib(Joystick.obj) : warning LNK4099: PDB 'vc100.pdb' was not found with 'sfml-window-s-d.lib(Joystick.obj)' or at 'C:\Users\portal_f\Desktop\Projets\R-Type\R-Type\Debug\vc100.pdb'; linking object as if no debug info
     1>sfml-window-s-d.lib(VideoModeSupport.obj) : warning LNK4099: PDB 'vc100.pdb' was not found with 'sfml-window-s-d.lib(VideoModeSupport.obj)' or at 'C:\Users\portal_f\Desktop\Projets\R-Type\R-Type\Debug\vc100.pdb'; linking object as if no debug info
     1>sfml-window-s-d.lib(WindowImplWin32.obj) : warning LNK4099: PDB 'vc100.pdb' was not found with 'sfml-window-s-d.lib(WindowImplWin32.obj)' or at 'C:\Users\portal_f\Desktop\Projets\R-Type\R-Type\Debug\vc100.pdb'; linking object as if no debug info
     1>sfml-window-s-d.lib(Context.obj) : warning LNK4099: PDB 'vc100.pdb' was not found with 'sfml-window-s-d.lib(Context.obj)' or at 'C:\Users\portal_f\Desktop\Projets\R-Type\R-Type\Debug\vc100.pdb'; linking object as if no debug info
     1>sfml-window-s-d.lib(Input.obj) : warning LNK4099: PDB 'vc100.pdb' was not found with 'sfml-window-s-d.lib(Input.obj)' or at 'C:\Users\portal_f\Desktop\Projets\R-Type\R-Type\Debug\vc100.pdb'; linking object as if no debug info
     1>sfml-window-s-d.lib(VideoMode.obj) : warning LNK4099: PDB 'vc100.pdb' was not found with 'sfml-window-s-d.lib(VideoMode.obj)' or at 'C:\Users\portal_f\Desktop\Projets\R-Type\R-Type\Debug\vc100.pdb'; linking object as if no debug info
     1>sfml-window-s-d.lib(Window.obj) : warning LNK4099: PDB 'vc100.pdb' was not found with 'sfml-window-s-d.lib(Window.obj)' or at 'C:\Users\portal_f\Desktop\Projets\R-Type\R-Type\Debug\vc100.pdb'; linking object as if no debug info
     1>sfml-window-s-d.lib(WindowImpl.obj) : warning LNK4099: PDB 'vc100.pdb' was not found with 'sfml-window-s-d.lib(WindowImpl.obj)' or at 'C:\Users\portal_f\Desktop\Projets\R-Type\R-Type\Debug\vc100.pdb'; linking object as if no debug info
         Client.vcxproj -> C:\Users\portal_f\Desktop\Projets\R-Type\R-Type\Debug\Client.exe
       Manifest:
         C:\Program Files (x86)\Microsoft SDKs\Windows\v7.0A\bin\mt.exe /nologo /verbose /outputresource:"C:\Users\portal_f\Desktop\Projets\R-Type\R-Type\Debug\Client.exe;#1" /manifest Debug\Client.exe.intermediate.manifest
       FinalizeBuildStatus:
         Deleting file "Debug\Client.unsuccessfulbuild".
         Touching "Debug\Client.lastbuildstate".
     1>Done Building Project "C:\Users\portal_f\Desktop\Projets\R-Type\R-Type\Client\Client.vcxproj" (build target(s)).

Build succeeded.

Time Elapsed 00:00:04.89
