C:\USERS\PORTAL_F\DESKTOP\PROJETS\R-TYPE\R-TYPE\BYDOZIGZAG\DEBUG\ABULLET.OBJ
C:\USERS\PORTAL_F\DESKTOP\PROJETS\R-TYPE\R-TYPE\BYDOZIGZAG\DEBUG\AENTITY.OBJ
C:\USERS\PORTAL_F\DESKTOP\PROJETS\R-TYPE\R-TYPE\BYDOZIGZAG\DEBUG\AMOB.OBJ
C:\USERS\PORTAL_F\DESKTOP\PROJETS\R-TYPE\R-TYPE\BYDOZIGZAG\DEBUG\BULLETINFOS.OBJ
C:\USERS\PORTAL_F\DESKTOP\PROJETS\R-TYPE\R-TYPE\BYDOZIGZAG\DEBUG\BYDOZIGZAG.DLL.EMBED.MANIFEST
C:\USERS\PORTAL_F\DESKTOP\PROJETS\R-TYPE\R-TYPE\BYDOZIGZAG\DEBUG\BYDOZIGZAG.DLL.EMBED.MANIFEST.RES
C:\USERS\PORTAL_F\DESKTOP\PROJETS\R-TYPE\R-TYPE\BYDOZIGZAG\DEBUG\BYDOZIGZAG.DLL.INTERMEDIATE.MANIFEST
C:\USERS\PORTAL_F\DESKTOP\PROJETS\R-TYPE\R-TYPE\BYDOZIGZAG\DEBUG\BYDOZIGZAG.OBJ
C:\Users\portal_f\Desktop\Projets\R-Type\R-Type\BydoZigZag\Debug\BydoZigZag.write.1.tlog
C:\Users\portal_f\Desktop\Projets\R-Type\R-Type\BydoZigZag\Debug\BydoZigZag_manifest.rc
C:\Users\portal_f\Desktop\Projets\R-Type\R-Type\BydoZigZag\Debug\cl.command.1.tlog
C:\Users\portal_f\Desktop\Projets\R-Type\R-Type\BydoZigZag\Debug\CL.read.1.tlog
C:\Users\portal_f\Desktop\Projets\R-Type\R-Type\BydoZigZag\Debug\CL.write.1.tlog
C:\Users\portal_f\Desktop\Projets\R-Type\R-Type\BydoZigZag\Debug\link.4260.read.1.tlog
C:\Users\portal_f\Desktop\Projets\R-Type\R-Type\BydoZigZag\Debug\link.4260.write.1.tlog
C:\Users\portal_f\Desktop\Projets\R-Type\R-Type\BydoZigZag\Debug\link.4260-cvtres.read.1.tlog
C:\Users\portal_f\Desktop\Projets\R-Type\R-Type\BydoZigZag\Debug\link.4260-cvtres.write.1.tlog
C:\Users\portal_f\Desktop\Projets\R-Type\R-Type\BydoZigZag\Debug\link.command.1.tlog
C:\Users\portal_f\Desktop\Projets\R-Type\R-Type\BydoZigZag\Debug\link.read.1.tlog
C:\Users\portal_f\Desktop\Projets\R-Type\R-Type\BydoZigZag\Debug\link.write.1.tlog
C:\Users\portal_f\Desktop\Projets\R-Type\R-Type\BydoZigZag\Debug\link-cvtres.read.1.tlog
C:\Users\portal_f\Desktop\Projets\R-Type\R-Type\BydoZigZag\Debug\link-cvtres.write.1.tlog
C:\Users\portal_f\Desktop\Projets\R-Type\R-Type\BydoZigZag\Debug\mt.command.1.tlog
C:\Users\portal_f\Desktop\Projets\R-Type\R-Type\BydoZigZag\Debug\mt.read.1.tlog
C:\Users\portal_f\Desktop\Projets\R-Type\R-Type\BydoZigZag\Debug\mt.write.1.tlog
C:\USERS\PORTAL_F\DESKTOP\PROJETS\R-TYPE\R-TYPE\BYDOZIGZAG\DEBUG\PLAYER.OBJ
C:\Users\portal_f\Desktop\Projets\R-Type\R-Type\BydoZigZag\Debug\rc.command.1.tlog
C:\Users\portal_f\Desktop\Projets\R-Type\R-Type\BydoZigZag\Debug\rc.read.1.tlog
C:\Users\portal_f\Desktop\Projets\R-Type\R-Type\BydoZigZag\Debug\rc.write.1.tlog
C:\USERS\PORTAL_F\DESKTOP\PROJETS\R-TYPE\R-TYPE\BYDOZIGZAG\DEBUG\TILE.OBJ
C:\Users\portal_f\Desktop\Projets\R-Type\R-Type\BydoZigZag\Debug\vc100.idb
C:\USERS\PORTAL_F\DESKTOP\PROJETS\R-TYPE\R-TYPE\BYDOZIGZAG\DEBUG\VC100.PDB
C:\USERS\PORTAL_F\DESKTOP\PROJETS\R-TYPE\R-TYPE\BYDOZIGZAG\DEBUG\WINRANDOM.OBJ
C:\USERS\PORTAL_F\DESKTOP\PROJETS\R-TYPE\R-TYPE\DEBUG\BYDOZIGZAG.DLL
C:\Users\portal_f\Desktop\Projets\R-Type\R-Type\Debug\BydoZigZag.exp
C:\USERS\PORTAL_F\DESKTOP\PROJETS\R-TYPE\R-TYPE\DEBUG\BYDOZIGZAG.ILK
C:\Users\portal_f\Desktop\Projets\R-Type\R-Type\Debug\BydoZigZag.lib
C:\USERS\PORTAL_F\DESKTOP\PROJETS\R-TYPE\R-TYPE\DEBUG\BYDOZIGZAG.PDB
