C:\USERS\PORTAL_F\DESKTOP\PROJETS\R-TYPE\R-TYPE\DEBUG\FASTSHOOTER.DLL
C:\Users\portal_f\Desktop\Projets\R-Type\R-Type\Debug\FastShooter.exp
C:\USERS\PORTAL_F\DESKTOP\PROJETS\R-TYPE\R-TYPE\DEBUG\FASTSHOOTER.ILK
C:\Users\portal_f\Desktop\Projets\R-Type\R-Type\Debug\FastShooter.lib
C:\USERS\PORTAL_F\DESKTOP\PROJETS\R-TYPE\R-TYPE\DEBUG\FASTSHOOTER.PDB
C:\USERS\PORTAL_F\DESKTOP\PROJETS\R-TYPE\R-TYPE\FASTSHOOTER\DEBUG\ABULLET.OBJ
C:\USERS\PORTAL_F\DESKTOP\PROJETS\R-TYPE\R-TYPE\FASTSHOOTER\DEBUG\AENTITY.OBJ
C:\USERS\PORTAL_F\DESKTOP\PROJETS\R-TYPE\R-TYPE\FASTSHOOTER\DEBUG\AMOB.OBJ
C:\USERS\PORTAL_F\DESKTOP\PROJETS\R-TYPE\R-TYPE\FASTSHOOTER\DEBUG\BULLETINFOS.OBJ
C:\Users\portal_f\Desktop\Projets\R-Type\R-Type\FastShooter\Debug\cl.command.1.tlog
C:\Users\portal_f\Desktop\Projets\R-Type\R-Type\FastShooter\Debug\CL.read.1.tlog
C:\Users\portal_f\Desktop\Projets\R-Type\R-Type\FastShooter\Debug\CL.write.1.tlog
C:\USERS\PORTAL_F\DESKTOP\PROJETS\R-TYPE\R-TYPE\FASTSHOOTER\DEBUG\FASTSHOOTER.DLL.EMBED.MANIFEST
C:\USERS\PORTAL_F\DESKTOP\PROJETS\R-TYPE\R-TYPE\FASTSHOOTER\DEBUG\FASTSHOOTER.DLL.EMBED.MANIFEST.RES
C:\USERS\PORTAL_F\DESKTOP\PROJETS\R-TYPE\R-TYPE\FASTSHOOTER\DEBUG\FASTSHOOTER.DLL.INTERMEDIATE.MANIFEST
C:\USERS\PORTAL_F\DESKTOP\PROJETS\R-TYPE\R-TYPE\FASTSHOOTER\DEBUG\FASTSHOOTER.OBJ
C:\Users\portal_f\Desktop\Projets\R-Type\R-Type\FastShooter\Debug\FastShooter.write.1.tlog
C:\Users\portal_f\Desktop\Projets\R-Type\R-Type\FastShooter\Debug\FastShooter_manifest.rc
C:\Users\portal_f\Desktop\Projets\R-Type\R-Type\FastShooter\Debug\link.2904.read.1.tlog
C:\Users\portal_f\Desktop\Projets\R-Type\R-Type\FastShooter\Debug\link.2904.write.1.tlog
C:\Users\portal_f\Desktop\Projets\R-Type\R-Type\FastShooter\Debug\link.2904-cvtres.read.1.tlog
C:\Users\portal_f\Desktop\Projets\R-Type\R-Type\FastShooter\Debug\link.2904-cvtres.write.1.tlog
C:\Users\portal_f\Desktop\Projets\R-Type\R-Type\FastShooter\Debug\link.command.1.tlog
C:\Users\portal_f\Desktop\Projets\R-Type\R-Type\FastShooter\Debug\link.read.1.tlog
C:\Users\portal_f\Desktop\Projets\R-Type\R-Type\FastShooter\Debug\link.write.1.tlog
C:\Users\portal_f\Desktop\Projets\R-Type\R-Type\FastShooter\Debug\link-cvtres.read.1.tlog
C:\Users\portal_f\Desktop\Projets\R-Type\R-Type\FastShooter\Debug\link-cvtres.write.1.tlog
C:\Users\portal_f\Desktop\Projets\R-Type\R-Type\FastShooter\Debug\mt.command.1.tlog
C:\Users\portal_f\Desktop\Projets\R-Type\R-Type\FastShooter\Debug\mt.read.1.tlog
C:\Users\portal_f\Desktop\Projets\R-Type\R-Type\FastShooter\Debug\mt.write.1.tlog
C:\USERS\PORTAL_F\DESKTOP\PROJETS\R-TYPE\R-TYPE\FASTSHOOTER\DEBUG\PLAYER.OBJ
C:\Users\portal_f\Desktop\Projets\R-Type\R-Type\FastShooter\Debug\rc.command.1.tlog
C:\Users\portal_f\Desktop\Projets\R-Type\R-Type\FastShooter\Debug\rc.read.1.tlog
C:\Users\portal_f\Desktop\Projets\R-Type\R-Type\FastShooter\Debug\rc.write.1.tlog
C:\USERS\PORTAL_F\DESKTOP\PROJETS\R-TYPE\R-TYPE\FASTSHOOTER\DEBUG\TILE.OBJ
C:\Users\portal_f\Desktop\Projets\R-Type\R-Type\FastShooter\Debug\vc100.idb
C:\USERS\PORTAL_F\DESKTOP\PROJETS\R-TYPE\R-TYPE\FASTSHOOTER\DEBUG\VC100.PDB
C:\USERS\PORTAL_F\DESKTOP\PROJETS\R-TYPE\R-TYPE\FASTSHOOTER\DEBUG\WINRANDOM.OBJ
